[0.006s] Invoking command in '/home/testubuntu/tni_ws/build/joy': CMAKE_PREFIX_PATH=/opt/ros/humble /usr/bin/cmake /home/testubuntu/tni_ws/src/joy -DCMAKE_INSTALL_PREFIX=/home/testubuntu/tni_ws/install/joy
[0.048s] -- The C compiler identification is GNU 11.4.0
[0.078s] -- The CXX compiler identification is GNU 11.4.0
[0.082s] -- Detecting C compiler ABI info
[0.121s] -- Detecting C compiler ABI info - done
[0.125s] -- Check for working C compiler: /usr/bin/cc - skipped
[0.126s] -- Detecting C compile features
[0.127s] -- Detecting C compile features - done
[0.130s] -- Detecting CXX compiler ABI info
[0.176s] -- Detecting CXX compiler ABI info - done
[0.180s] -- Check for working CXX compiler: /usr/bin/c++ - skipped
[0.180s] -- Detecting CXX compile features
[0.181s] -- Detecting CXX compile features - done
[0.185s] -- Found ament_cmake_ros: 0.10.0 (/opt/ros/humble/share/ament_cmake_ros/cmake)
[0.280s] -- Found Python3: /usr/bin/python3 (found version "3.10.12") found components: Interpreter 
[0.329s] -- Found rclcpp: 16.0.8 (/opt/ros/humble/share/rclcpp/cmake)
[0.357s] -- Found rosidl_generator_c: 3.1.5 (/opt/ros/humble/share/rosidl_generator_c/cmake)
[0.360s] -- Found rosidl_adapter: 3.1.5 (/opt/ros/humble/share/rosidl_adapter/cmake)
[0.364s] -- Found rosidl_generator_cpp: 3.1.5 (/opt/ros/humble/share/rosidl_generator_cpp/cmake)
[0.371s] -- Using all available rosidl_typesupport_c: rosidl_typesupport_fastrtps_c;rosidl_typesupport_introspection_c
[0.381s] -- Using all available rosidl_typesupport_cpp: rosidl_typesupport_fastrtps_cpp;rosidl_typesupport_introspection_cpp
[0.419s] -- Found rmw_implementation_cmake: 6.1.1 (/opt/ros/humble/share/rmw_implementation_cmake/cmake)
[0.421s] -- Found rmw_fastrtps_cpp: 6.2.6 (/opt/ros/humble/share/rmw_fastrtps_cpp/cmake)
[0.472s] -- Found OpenSSL: /usr/lib/x86_64-linux-gnu/libcrypto.so (found version "3.0.2")  
[0.485s] -- Found FastRTPS: /opt/ros/humble/include  
[0.507s] -- Using RMW implementation 'rmw_fastrtps_cpp' as default
[0.511s] -- Looking for pthread.h
[0.560s] -- Looking for pthread.h - found
[0.560s] -- Performing Test CMAKE_HAVE_LIBC_PTHREAD
[0.603s] -- Performing Test CMAKE_HAVE_LIBC_PTHREAD - Success
[0.603s] -- Found Threads: TRUE  
[0.693s] -- Found rclcpp_components: 16.0.8 (/opt/ros/humble/share/rclcpp_components/cmake)
[0.741s] -- Found sdl2_vendor: 3.3.0 (/opt/ros/humble/share/sdl2_vendor/cmake)
[0.749s] -- Found sensor_msgs: 4.2.3 (/opt/ros/humble/share/sensor_msgs/cmake)
[0.840s] -- Found ament_lint_auto: 0.12.10 (/opt/ros/humble/share/ament_lint_auto/cmake)
[0.888s] -- Added test 'cppcheck' to perform static code analysis on C / C++ code
[0.888s] -- Configured cppcheck include dirs: $<BUILD_INTERFACE:/home/testubuntu/tni_ws/src/joy/include>
[0.888s] -- Configured cppcheck exclude dirs and/or files: 
[0.889s] -- Added test 'cpplint' to check C / C++ code against the Google style
[0.889s] -- Configured cpplint exclude dirs and/or files: 
[0.890s] -- Added test 'flake8' to check Python code syntax and style conventions
[0.892s] -- Added test 'lint_cmake' to check CMake code style
[0.892s] -- Added test 'pep257' to check Python code against some of the docstring style conventions in PEP 257
[0.893s] -- Added test 'uncrustify' to check C / C++ code style
[0.893s] -- Configured uncrustify additional arguments: 
[0.894s] -- Added test 'xmllint' to check XML markup files
[0.894s] -- Configuring done
[0.907s] -- Generating done
[0.908s] -- Build files have been written to: /home/testubuntu/tni_ws/build/joy
[0.915s] Invoked command in '/home/testubuntu/tni_ws/build/joy' returned '0': CMAKE_PREFIX_PATH=/opt/ros/humble /usr/bin/cmake /home/testubuntu/tni_ws/src/joy -DCMAKE_INSTALL_PREFIX=/home/testubuntu/tni_ws/install/joy
[0.915s] Invoking command in '/home/testubuntu/tni_ws/build/joy': CMAKE_PREFIX_PATH=/opt/ros/humble /usr/bin/cmake --build /home/testubuntu/tni_ws/build/joy -- -j1 -l1
[0.940s] [ 10%] [32mBuilding CXX object CMakeFiles/joy.dir/src/joy.cpp.o[0m
[6.420s] [ 20%] [32m[1mLinking CXX shared library libjoy.so[0m
[6.763s] [ 20%] Built target joy
[6.779s] [ 30%] [32mBuilding CXX object CMakeFiles/joy_node.dir/rclcpp_components/node_main_joy_node.cpp.o[0m
[8.565s] [ 40%] [32m[1mLinking CXX executable joy_node[0m
[8.649s] [ 40%] Built target joy_node
[8.660s] [ 50%] [32mBuilding CXX object CMakeFiles/game_controller.dir/src/game_controller.cpp.o[0m
[13.726s] [ 60%] [32m[1mLinking CXX shared library libgame_controller.so[0m
[13.966s] [ 60%] Built target game_controller
[13.978s] [ 70%] [32mBuilding CXX object CMakeFiles/game_controller_node.dir/rclcpp_components/node_main_game_controller_node.cpp.o[0m
[15.650s] [ 80%] [32m[1mLinking CXX executable game_controller_node[0m
[15.726s] [ 80%] Built target game_controller_node
[15.738s] [ 90%] [32mBuilding CXX object CMakeFiles/joy_enumerate_devices.dir/src/joy_enumerate_devices.cpp.o[0m
[15.979s] [100%] [32m[1mLinking CXX executable joy_enumerate_devices[0m
[16.060s] [100%] Built target joy_enumerate_devices
[16.076s] Invoked command in '/home/testubuntu/tni_ws/build/joy' returned '0': CMAKE_PREFIX_PATH=/opt/ros/humble /usr/bin/cmake --build /home/testubuntu/tni_ws/build/joy -- -j1 -l1
[16.116s] Invoking command in '/home/testubuntu/tni_ws/build/joy': CMAKE_PREFIX_PATH=/opt/ros/humble /usr/bin/cmake --install /home/testubuntu/tni_ws/build/joy
[16.121s] -- Install configuration: ""
[16.122s] -- Installing: /home/testubuntu/tni_ws/install/joy/lib/libjoy.so
[16.126s] -- Set runtime path of "/home/testubuntu/tni_ws/install/joy/lib/libjoy.so" to ""
[16.126s] -- Installing: /home/testubuntu/tni_ws/install/joy/lib/joy/joy_node
[16.127s] -- Set runtime path of "/home/testubuntu/tni_ws/install/joy/lib/joy/joy_node" to ""
[16.127s] -- Installing: /home/testubuntu/tni_ws/install/joy/lib/libgame_controller.so
[16.130s] -- Set runtime path of "/home/testubuntu/tni_ws/install/joy/lib/libgame_controller.so" to ""
[16.130s] -- Installing: /home/testubuntu/tni_ws/install/joy/lib/joy/game_controller_node
[16.130s] -- Set runtime path of "/home/testubuntu/tni_ws/install/joy/lib/joy/game_controller_node" to ""
[16.130s] -- Installing: /home/testubuntu/tni_ws/install/joy/lib/joy/joy_enumerate_devices
[16.131s] -- Installing: /home/testubuntu/tni_ws/install/joy/include/joy
[16.131s] -- Installing: /home/testubuntu/tni_ws/install/joy/include/joy/joy
[16.131s] -- Installing: /home/testubuntu/tni_ws/install/joy/include/joy/joy/game_controller.hpp
[16.131s] -- Installing: /home/testubuntu/tni_ws/install/joy/include/joy/joy/joy.hpp
[16.131s] -- Installing: /home/testubuntu/tni_ws/install/joy/share/joy/config
[16.132s] -- Installing: /home/testubuntu/tni_ws/install/joy/share/joy/config/joy-params.yaml
[16.132s] -- Installing: /home/testubuntu/tni_ws/install/joy/share/joy/launch
[16.133s] -- Installing: /home/testubuntu/tni_ws/install/joy/share/joy/launch/joy-launch.py
[16.133s] -- Installing: /home/testubuntu/tni_ws/install/joy/share/joy/launch/joy-composed-launch.py
[16.133s] -- Installing: /home/testubuntu/tni_ws/install/joy/share/ament_index/resource_index/package_run_dependencies/joy
[16.134s] -- Installing: /home/testubuntu/tni_ws/install/joy/share/ament_index/resource_index/parent_prefix_path/joy
[16.136s] -- Installing: /home/testubuntu/tni_ws/install/joy/share/joy/environment/ament_prefix_path.sh
[16.136s] -- Installing: /home/testubuntu/tni_ws/install/joy/share/joy/environment/ament_prefix_path.dsv
[16.136s] -- Installing: /home/testubuntu/tni_ws/install/joy/share/joy/environment/path.sh
[16.136s] -- Installing: /home/testubuntu/tni_ws/install/joy/share/joy/environment/path.dsv
[16.137s] -- Installing: /home/testubuntu/tni_ws/install/joy/share/joy/local_setup.bash
[16.137s] -- Installing: /home/testubuntu/tni_ws/install/joy/share/joy/local_setup.sh
[16.137s] -- Installing: /home/testubuntu/tni_ws/install/joy/share/joy/local_setup.zsh
[16.138s] -- Installing: /home/testubuntu/tni_ws/install/joy/share/joy/local_setup.dsv
[16.138s] -- Installing: /home/testubuntu/tni_ws/install/joy/share/joy/package.dsv
[16.138s] -- Installing: /home/testubuntu/tni_ws/install/joy/share/ament_index/resource_index/packages/joy
[16.139s] -- Installing: /home/testubuntu/tni_ws/install/joy/share/ament_index/resource_index/rclcpp_components/joy
[16.139s] -- Installing: /home/testubuntu/tni_ws/install/joy/share/joy/cmake/export_joyExport.cmake
[16.139s] -- Installing: /home/testubuntu/tni_ws/install/joy/share/joy/cmake/export_joyExport-noconfig.cmake
[16.140s] -- Installing: /home/testubuntu/tni_ws/install/joy/share/joy/cmake/export_game_controllerExport.cmake
[16.140s] -- Installing: /home/testubuntu/tni_ws/install/joy/share/joy/cmake/export_game_controllerExport-noconfig.cmake
[16.141s] -- Installing: /home/testubuntu/tni_ws/install/joy/share/joy/cmake/ament_cmake_export_targets-extras.cmake
[16.142s] -- Installing: /home/testubuntu/tni_ws/install/joy/share/joy/cmake/ament_cmake_export_dependencies-extras.cmake
[16.142s] -- Installing: /home/testubuntu/tni_ws/install/joy/share/joy/cmake/joyConfig.cmake
[16.142s] -- Installing: /home/testubuntu/tni_ws/install/joy/share/joy/cmake/joyConfig-version.cmake
[16.143s] -- Installing: /home/testubuntu/tni_ws/install/joy/share/joy/package.xml
[16.153s] Invoked command in '/home/testubuntu/tni_ws/build/joy' returned '0': CMAKE_PREFIX_PATH=/opt/ros/humble /usr/bin/cmake --install /home/testubuntu/tni_ws/build/joy
