[0.006s] Invoking command in '/home/testubuntu/tni_ws/build/teleop_twist_joy': AMENT_PREFIX_PATH=/home/testubuntu/tni_ws/install/joy:${AMENT_PREFIX_PATH} CMAKE_PREFIX_PATH=/home/testubuntu/tni_ws/install/joy:/opt/ros/humble LD_LIBRARY_PATH=/home/testubuntu/tni_ws/install/joy/lib:${LD_LIBRARY_PATH} /usr/bin/cmake /home/testubuntu/tni_ws/src/teleop_twist_joy -DCMAKE_INSTALL_PREFIX=/home/testubuntu/tni_ws/install/teleop_twist_joy
[0.112s] -- The C compiler identification is GNU 11.4.0
[0.178s] -- The CXX compiler identification is GNU 11.4.0
[0.187s] -- Detecting C compiler ABI info
[0.225s] -- Detecting C compiler ABI info - done
[0.228s] -- Check for working C compiler: /usr/bin/cc - skipped
[0.229s] -- Detecting C compile features
[0.230s] -- Detecting C compile features - done
[0.233s] -- Detecting CXX compiler ABI info
[0.281s] -- Detecting CXX compiler ABI info - done
[0.285s] -- Check for working CXX compiler: /usr/bin/c++ - skipped
[0.285s] -- Detecting CXX compile features
[0.286s] -- Detecting CXX compile features - done
[0.287s] -- Found ament_cmake: 1.3.8 (/opt/ros/humble/share/ament_cmake/cmake)
[0.380s] -- Found Python3: /usr/bin/python3 (found version "3.10.12") found components: Interpreter 
[0.444s] -- Found geometry_msgs: 4.2.3 (/opt/ros/humble/share/geometry_msgs/cmake)
[0.486s] -- Found rosidl_generator_c: 3.1.5 (/opt/ros/humble/share/rosidl_generator_c/cmake)
[0.491s] -- Found rosidl_adapter: 3.1.5 (/opt/ros/humble/share/rosidl_adapter/cmake)
[0.499s] -- Found rosidl_generator_cpp: 3.1.5 (/opt/ros/humble/share/rosidl_generator_cpp/cmake)
[0.513s] -- Using all available rosidl_typesupport_c: rosidl_typesupport_fastrtps_c;rosidl_typesupport_introspection_c
[0.529s] -- Using all available rosidl_typesupport_cpp: rosidl_typesupport_fastrtps_cpp;rosidl_typesupport_introspection_cpp
[0.613s] -- Found rclcpp: 16.0.8 (/opt/ros/humble/share/rclcpp/cmake)
[0.661s] -- Found rmw_implementation_cmake: 6.1.1 (/opt/ros/humble/share/rmw_implementation_cmake/cmake)
[0.664s] -- Found rmw_fastrtps_cpp: 6.2.6 (/opt/ros/humble/share/rmw_fastrtps_cpp/cmake)
[0.731s] -- Found OpenSSL: /usr/lib/x86_64-linux-gnu/libcrypto.so (found version "3.0.2")  
[0.752s] -- Found FastRTPS: /opt/ros/humble/include  
[0.778s] -- Using RMW implementation 'rmw_fastrtps_cpp' as default
[0.788s] -- Looking for pthread.h
[0.831s] -- Looking for pthread.h - found
[0.831s] -- Performing Test CMAKE_HAVE_LIBC_PTHREAD
[0.878s] -- Performing Test CMAKE_HAVE_LIBC_PTHREAD - Success
[0.879s] -- Found Threads: TRUE  
[0.972s] -- Found rclcpp_components: 16.0.8 (/opt/ros/humble/share/rclcpp_components/cmake)
[1.021s] -- Found sensor_msgs: 4.2.3 (/opt/ros/humble/share/sensor_msgs/cmake)
[1.086s] -- Performing Test COMPILER_HAS_HIDDEN_VISIBILITY
[1.129s] -- Performing Test COMPILER_HAS_HIDDEN_VISIBILITY - Success
[1.129s] -- Performing Test COMPILER_HAS_HIDDEN_INLINE_VISIBILITY
[1.171s] -- Performing Test COMPILER_HAS_HIDDEN_INLINE_VISIBILITY - Success
[1.171s] -- Performing Test COMPILER_HAS_DEPRECATED_ATTR
[1.214s] -- Performing Test COMPILER_HAS_DEPRECATED_ATTR - Success
[1.218s] -- Found ament_lint_auto: 0.12.10 (/opt/ros/humble/share/ament_lint_auto/cmake)
[1.283s] -- Found python_cmake_module: 0.10.0 (/opt/ros/humble/share/python_cmake_module/cmake)
[1.296s] -- Found PythonInterp: /usr/bin/python3 (found suitable version "3.10.12", minimum required is "3.6") 
[1.301s] -- Found PythonLibs: /usr/lib/x86_64-linux-gnu/libpython3.10.so (found suitable version "3.10.12", minimum required is "3.5") 
[1.301s] -- Using PYTHON_EXECUTABLE: /usr/bin/python3
[1.301s] -- Using PYTHON_INCLUDE_DIRS: /usr/include/python3.10
[1.301s] -- Using PYTHON_LIBRARIES: /usr/lib/x86_64-linux-gnu/libpython3.10.so
[1.312s] -- Found PythonExtra: .so  
[1.324s] -- Added test 'cppcheck' to perform static code analysis on C / C++ code
[1.324s] -- Configured cppcheck include dirs: $<BUILD_INTERFACE:/home/testubuntu/tni_ws/src/teleop_twist_joy/include>
[1.324s] -- Configured cppcheck exclude dirs and/or files: 
[1.325s] -- Added test 'flake8' to check Python code syntax and style conventions
[1.326s] -- Added test 'lint_cmake' to check CMake code style
[1.326s] -- Added test 'pep257' to check Python code against some of the docstring style conventions in PEP 257
[1.327s] -- Added test 'xmllint' to check XML markup files
[1.330s] -- Configuring done
[1.339s] -- Generating done
[1.340s] -- Build files have been written to: /home/testubuntu/tni_ws/build/teleop_twist_joy
[1.346s] Invoked command in '/home/testubuntu/tni_ws/build/teleop_twist_joy' returned '0': AMENT_PREFIX_PATH=/home/testubuntu/tni_ws/install/joy:${AMENT_PREFIX_PATH} CMAKE_PREFIX_PATH=/home/testubuntu/tni_ws/install/joy:/opt/ros/humble LD_LIBRARY_PATH=/home/testubuntu/tni_ws/install/joy/lib:${LD_LIBRARY_PATH} /usr/bin/cmake /home/testubuntu/tni_ws/src/teleop_twist_joy -DCMAKE_INSTALL_PREFIX=/home/testubuntu/tni_ws/install/teleop_twist_joy
[1.346s] Invoking command in '/home/testubuntu/tni_ws/build/teleop_twist_joy': AMENT_PREFIX_PATH=/home/testubuntu/tni_ws/install/joy:${AMENT_PREFIX_PATH} CMAKE_PREFIX_PATH=/home/testubuntu/tni_ws/install/joy:/opt/ros/humble LD_LIBRARY_PATH=/home/testubuntu/tni_ws/install/joy/lib:${LD_LIBRARY_PATH} /usr/bin/cmake --build /home/testubuntu/tni_ws/build/teleop_twist_joy -- -j1 -l1
[1.374s] [ 25%] [32mBuilding CXX object CMakeFiles/teleop_twist_joy.dir/src/teleop_twist_joy.cpp.o[0m
[6.927s] [ 50%] [32m[1mLinking CXX shared library libteleop_twist_joy.so[0m
[7.241s] [ 50%] Built target teleop_twist_joy
[7.257s] [ 75%] [32mBuilding CXX object CMakeFiles/teleop_twist_joy_node.dir/src/teleop_node.cpp.o[0m
[9.471s] [100%] [32m[1mLinking CXX executable teleop_node[0m
[9.595s] [100%] Built target teleop_twist_joy_node
[9.602s] Invoked command in '/home/testubuntu/tni_ws/build/teleop_twist_joy' returned '0': AMENT_PREFIX_PATH=/home/testubuntu/tni_ws/install/joy:${AMENT_PREFIX_PATH} CMAKE_PREFIX_PATH=/home/testubuntu/tni_ws/install/joy:/opt/ros/humble LD_LIBRARY_PATH=/home/testubuntu/tni_ws/install/joy/lib:${LD_LIBRARY_PATH} /usr/bin/cmake --build /home/testubuntu/tni_ws/build/teleop_twist_joy -- -j1 -l1
[9.616s] Invoking command in '/home/testubuntu/tni_ws/build/teleop_twist_joy': AMENT_PREFIX_PATH=/home/testubuntu/tni_ws/install/joy:${AMENT_PREFIX_PATH} CMAKE_PREFIX_PATH=/home/testubuntu/tni_ws/install/joy:/opt/ros/humble LD_LIBRARY_PATH=/home/testubuntu/tni_ws/install/joy/lib:${LD_LIBRARY_PATH} /usr/bin/cmake --install /home/testubuntu/tni_ws/build/teleop_twist_joy
[9.619s] -- Install configuration: ""
[9.620s] -- Installing: /home/testubuntu/tni_ws/install/teleop_twist_joy/lib/libteleop_twist_joy.so
[9.623s] -- Set runtime path of "/home/testubuntu/tni_ws/install/teleop_twist_joy/lib/libteleop_twist_joy.so" to ""
[9.623s] -- Installing: /home/testubuntu/tni_ws/install/teleop_twist_joy/lib/teleop_twist_joy/teleop_node
[9.623s] -- Set runtime path of "/home/testubuntu/tni_ws/install/teleop_twist_joy/lib/teleop_twist_joy/teleop_node" to ""
[9.623s] -- Installing: /home/testubuntu/tni_ws/install/teleop_twist_joy/include/teleop_twist_joy
[9.623s] -- Installing: /home/testubuntu/tni_ws/install/teleop_twist_joy/include/teleop_twist_joy/teleop_twist_joy
[9.623s] -- Installing: /home/testubuntu/tni_ws/install/teleop_twist_joy/include/teleop_twist_joy/teleop_twist_joy/teleop_twist_joy.hpp
[9.624s] -- Installing: /home/testubuntu/tni_ws/install/teleop_twist_joy/include/teleop_twist_joy/teleop_twist_joy/teleop_twist_joy_export.h
[9.624s] -- Installing: /home/testubuntu/tni_ws/install/teleop_twist_joy/share/teleop_twist_joy/launch
[9.624s] -- Installing: /home/testubuntu/tni_ws/install/teleop_twist_joy/share/teleop_twist_joy/launch/teleop-launch.py
[9.625s] -- Installing: /home/testubuntu/tni_ws/install/teleop_twist_joy/share/teleop_twist_joy/config
[9.625s] -- Installing: /home/testubuntu/tni_ws/install/teleop_twist_joy/share/teleop_twist_joy/config/ps3-holonomic.config.yaml
[9.626s] -- Installing: /home/testubuntu/tni_ws/install/teleop_twist_joy/share/teleop_twist_joy/config/atk3.config.yaml
[9.626s] -- Installing: /home/testubuntu/tni_ws/install/teleop_twist_joy/share/teleop_twist_joy/config/ps3.config.yaml
[9.627s] -- Installing: /home/testubuntu/tni_ws/install/teleop_twist_joy/share/teleop_twist_joy/config/xd3.config.yaml
[9.627s] -- Installing: /home/testubuntu/tni_ws/install/teleop_twist_joy/share/teleop_twist_joy/config/xbox.config.yaml
[9.628s] -- Installing: /home/testubuntu/tni_ws/install/teleop_twist_joy/share/teleop_twist_joy/environment/library_path.sh
[9.628s] -- Installing: /home/testubuntu/tni_ws/install/teleop_twist_joy/share/teleop_twist_joy/environment/library_path.dsv
[9.629s] -- Installing: /home/testubuntu/tni_ws/install/teleop_twist_joy/share/ament_index/resource_index/package_run_dependencies/teleop_twist_joy
[9.629s] -- Installing: /home/testubuntu/tni_ws/install/teleop_twist_joy/share/ament_index/resource_index/parent_prefix_path/teleop_twist_joy
[9.631s] -- Installing: /home/testubuntu/tni_ws/install/teleop_twist_joy/share/teleop_twist_joy/environment/ament_prefix_path.sh
[9.631s] -- Installing: /home/testubuntu/tni_ws/install/teleop_twist_joy/share/teleop_twist_joy/environment/ament_prefix_path.dsv
[9.631s] -- Installing: /home/testubuntu/tni_ws/install/teleop_twist_joy/share/teleop_twist_joy/environment/path.sh
[9.631s] -- Installing: /home/testubuntu/tni_ws/install/teleop_twist_joy/share/teleop_twist_joy/environment/path.dsv
[9.632s] -- Installing: /home/testubuntu/tni_ws/install/teleop_twist_joy/share/teleop_twist_joy/local_setup.bash
[9.632s] -- Installing: /home/testubuntu/tni_ws/install/teleop_twist_joy/share/teleop_twist_joy/local_setup.sh
[9.632s] -- Installing: /home/testubuntu/tni_ws/install/teleop_twist_joy/share/teleop_twist_joy/local_setup.zsh
[9.632s] -- Installing: /home/testubuntu/tni_ws/install/teleop_twist_joy/share/teleop_twist_joy/local_setup.dsv
[9.632s] -- Installing: /home/testubuntu/tni_ws/install/teleop_twist_joy/share/teleop_twist_joy/package.dsv
[9.632s] -- Installing: /home/testubuntu/tni_ws/install/teleop_twist_joy/share/ament_index/resource_index/packages/teleop_twist_joy
[9.632s] -- Installing: /home/testubuntu/tni_ws/install/teleop_twist_joy/share/ament_index/resource_index/rclcpp_components/teleop_twist_joy
[9.632s] -- Installing: /home/testubuntu/tni_ws/install/teleop_twist_joy/share/teleop_twist_joy/cmake/export_teleop_twist_joyExport.cmake
[9.632s] -- Installing: /home/testubuntu/tni_ws/install/teleop_twist_joy/share/teleop_twist_joy/cmake/export_teleop_twist_joyExport-noconfig.cmake
[9.633s] -- Installing: /home/testubuntu/tni_ws/install/teleop_twist_joy/share/teleop_twist_joy/cmake/ament_cmake_export_include_directories-extras.cmake
[9.633s] -- Installing: /home/testubuntu/tni_ws/install/teleop_twist_joy/share/teleop_twist_joy/cmake/ament_cmake_export_libraries-extras.cmake
[9.633s] -- Installing: /home/testubuntu/tni_ws/install/teleop_twist_joy/share/teleop_twist_joy/cmake/ament_cmake_export_targets-extras.cmake
[9.633s] -- Installing: /home/testubuntu/tni_ws/install/teleop_twist_joy/share/teleop_twist_joy/cmake/teleop_twist_joyConfig.cmake
[9.634s] -- Installing: /home/testubuntu/tni_ws/install/teleop_twist_joy/share/teleop_twist_joy/cmake/teleop_twist_joyConfig-version.cmake
[9.634s] -- Installing: /home/testubuntu/tni_ws/install/teleop_twist_joy/share/teleop_twist_joy/package.xml
[9.635s] Invoked command in '/home/testubuntu/tni_ws/build/teleop_twist_joy' returned '0': AMENT_PREFIX_PATH=/home/testubuntu/tni_ws/install/joy:${AMENT_PREFIX_PATH} CMAKE_PREFIX_PATH=/home/testubuntu/tni_ws/install/joy:/opt/ros/humble LD_LIBRARY_PATH=/home/testubuntu/tni_ws/install/joy/lib:${LD_LIBRARY_PATH} /usr/bin/cmake --install /home/testubuntu/tni_ws/build/teleop_twist_joy
