[0.010s] Invoking command in '/home/testubuntu/tni_ws/build/joy': CMAKE_PREFIX_PATH=/opt/ros/humble /usr/bin/cmake --build /home/testubuntu/tni_ws/build/joy -- -j1 -l1
[0.085s] [35m[1mConsolidate compiler generated dependencies of target joy[0m
[0.122s] [ 20%] Built target joy
[0.130s] [35m[1mConsolidate compiler generated dependencies of target joy_node[0m
[0.145s] [ 40%] Built target joy_node
[0.154s] [35m[1mConsolidate compiler generated dependencies of target game_controller[0m
[0.168s] [ 60%] Built target game_controller
[0.177s] [35m[1mConsolidate compiler generated dependencies of target game_controller_node[0m
[0.186s] [ 80%] Built target game_controller_node
[0.194s] [35m[1mConsolidate compiler generated dependencies of target joy_enumerate_devices[0m
[0.200s] [100%] Built target joy_enumerate_devices
[0.205s] Invoked command in '/home/testubuntu/tni_ws/build/joy' returned '0': CMAKE_PREFIX_PATH=/opt/ros/humble /usr/bin/cmake --build /home/testubuntu/tni_ws/build/joy -- -j1 -l1
[0.231s] Invoking command in '/home/testubuntu/tni_ws/build/joy': CMAKE_PREFIX_PATH=/opt/ros/humble /usr/bin/cmake --install /home/testubuntu/tni_ws/build/joy
[0.236s] -- Install configuration: ""
[0.239s] -- Up-to-date: /home/testubuntu/tni_ws/install/joy/lib/libjoy.so
[0.241s] -- Up-to-date: /home/testubuntu/tni_ws/install/joy/lib/joy/joy_node
[0.242s] -- Up-to-date: /home/testubuntu/tni_ws/install/joy/lib/libgame_controller.so
[0.242s] -- Up-to-date: /home/testubuntu/tni_ws/install/joy/lib/joy/game_controller_node
[0.243s] -- Up-to-date: /home/testubuntu/tni_ws/install/joy/lib/joy/joy_enumerate_devices
[0.244s] -- Up-to-date: /home/testubuntu/tni_ws/install/joy/include/joy
[0.244s] -- Up-to-date: /home/testubuntu/tni_ws/install/joy/include/joy/joy
[0.244s] -- Up-to-date: /home/testubuntu/tni_ws/install/joy/include/joy/joy/game_controller.hpp
[0.244s] -- Up-to-date: /home/testubuntu/tni_ws/install/joy/include/joy/joy/joy.hpp
[0.244s] -- Up-to-date: /home/testubuntu/tni_ws/install/joy/share/joy/config
[0.244s] -- Up-to-date: /home/testubuntu/tni_ws/install/joy/share/joy/config/joy-params.yaml
[0.245s] -- Up-to-date: /home/testubuntu/tni_ws/install/joy/share/joy/launch
[0.245s] -- Up-to-date: /home/testubuntu/tni_ws/install/joy/share/joy/launch/joy-launch.py
[0.245s] -- Up-to-date: /home/testubuntu/tni_ws/install/joy/share/joy/launch/joy-composed-launch.py
[0.245s] -- Up-to-date: /home/testubuntu/tni_ws/install/joy/share/ament_index/resource_index/package_run_dependencies/joy
[0.246s] -- Up-to-date: /home/testubuntu/tni_ws/install/joy/share/ament_index/resource_index/parent_prefix_path/joy
[0.246s] -- Up-to-date: /home/testubuntu/tni_ws/install/joy/share/joy/environment/ament_prefix_path.sh
[0.246s] -- Up-to-date: /home/testubuntu/tni_ws/install/joy/share/joy/environment/ament_prefix_path.dsv
[0.246s] -- Up-to-date: /home/testubuntu/tni_ws/install/joy/share/joy/environment/path.sh
[0.246s] -- Up-to-date: /home/testubuntu/tni_ws/install/joy/share/joy/environment/path.dsv
[0.246s] -- Up-to-date: /home/testubuntu/tni_ws/install/joy/share/joy/local_setup.bash
[0.246s] -- Up-to-date: /home/testubuntu/tni_ws/install/joy/share/joy/local_setup.sh
[0.246s] -- Up-to-date: /home/testubuntu/tni_ws/install/joy/share/joy/local_setup.zsh
[0.246s] -- Up-to-date: /home/testubuntu/tni_ws/install/joy/share/joy/local_setup.dsv
[0.247s] -- Installing: /home/testubuntu/tni_ws/install/joy/share/joy/package.dsv
[0.247s] -- Up-to-date: /home/testubuntu/tni_ws/install/joy/share/ament_index/resource_index/packages/joy
[0.247s] -- Up-to-date: /home/testubuntu/tni_ws/install/joy/share/ament_index/resource_index/rclcpp_components/joy
[0.248s] -- Up-to-date: /home/testubuntu/tni_ws/install/joy/share/joy/cmake/export_joyExport.cmake
[0.248s] -- Up-to-date: /home/testubuntu/tni_ws/install/joy/share/joy/cmake/export_joyExport-noconfig.cmake
[0.249s] -- Up-to-date: /home/testubuntu/tni_ws/install/joy/share/joy/cmake/export_game_controllerExport.cmake
[0.249s] -- Up-to-date: /home/testubuntu/tni_ws/install/joy/share/joy/cmake/export_game_controllerExport-noconfig.cmake
[0.249s] -- Up-to-date: /home/testubuntu/tni_ws/install/joy/share/joy/cmake/ament_cmake_export_targets-extras.cmake
[0.249s] -- Up-to-date: /home/testubuntu/tni_ws/install/joy/share/joy/cmake/ament_cmake_export_dependencies-extras.cmake
[0.249s] -- Up-to-date: /home/testubuntu/tni_ws/install/joy/share/joy/cmake/joyConfig.cmake
[0.249s] -- Up-to-date: /home/testubuntu/tni_ws/install/joy/share/joy/cmake/joyConfig-version.cmake
[0.249s] -- Up-to-date: /home/testubuntu/tni_ws/install/joy/share/joy/package.xml
[0.250s] Invoked command in '/home/testubuntu/tni_ws/build/joy' returned '0': CMAKE_PREFIX_PATH=/opt/ros/humble /usr/bin/cmake --install /home/testubuntu/tni_ws/build/joy
